build/intermediates/manifest_merge_blame_file/release/manifest-merger-blame-release-report.txt
1<?xml version="1.0" encoding="utf-8"?>
2<manifest xmlns:android="http://schemas.android.com/apk/res/android"
3    package="in.mplay.app"
4    android:versionCode="1"
5    android:versionName="1.0" >
6
7    <uses-sdk
8        android:minSdkVersion="21"
8-->src\main\AndroidManifest.xml
9        android:targetSdkVersion="29" />
9-->src\main\AndroidManifest.xml
10
11    <uses-permission android:name="android.permission.CHANGE_NETWORK_STATE" />
11-->src\main\AndroidManifest.xml:6:5-79
11-->src\main\AndroidManifest.xml:6:22-76
12    <uses-permission android:name="android.permission.ACCESS_NETWORK_STATE" />
12-->src\main\AndroidManifest.xml:7:5-79
12-->src\main\AndroidManifest.xml:7:22-76
13    <uses-permission android:name="android.permission.ACCESS_WIFI_STATE" />
13-->src\main\AndroidManifest.xml:8:5-76
13-->src\main\AndroidManifest.xml:8:22-73
14    <uses-permission android:name="android.permission.INTERNET" />
14-->src\main\AndroidManifest.xml:9:5-66
14-->src\main\AndroidManifest.xml:9:22-64
15    <uses-permission android:name="android.permission.VIBRATE" />
15-->src\main\AndroidManifest.xml:10:5-65
15-->src\main\AndroidManifest.xml:10:22-63
16    <uses-permission android:name="android.permission.WAKE_LOCK" />
16-->[com.google.android.gms:play-services-measurement:17.3.0] AndroidManifest.xml:25:5-68
16-->[com.google.android.gms:play-services-measurement:17.3.0] AndroidManifest.xml:25:22-65
17    <uses-permission android:name="com.google.android.finsky.permission.BIND_GET_INSTALL_REFERRER_SERVICE" /> <!-- Required by older versions of Google Play services to create IID tokens -->
17-->[com.google.android.gms:play-services-measurement:17.3.0] AndroidManifest.xml:26:5-110
17-->[com.google.android.gms:play-services-measurement:17.3.0] AndroidManifest.xml:26:22-107
18    <uses-permission android:name="com.google.android.c2dm.permission.RECEIVE" />
18-->[com.google.firebase:firebase-iid:20.1.4] AndroidManifest.xml:26:5-82
18-->[com.google.firebase:firebase-iid:20.1.4] AndroidManifest.xml:26:22-79
19
20    <application
20-->src\main\AndroidManifest.xml:12:5-71:19
21        android:allowBackup="true"
21-->src\main\AndroidManifest.xml:13:9-35
22        android:appComponentFactory="androidx.core.app.CoreComponentFactory"
22-->[androidx.core:core:1.1.0] AndroidManifest.xml:24:18-86
23        android:hardwareAccelerated="true"
23-->src\main\AndroidManifest.xml:18:9-43
24        android:icon="@mipmap/ic_launcher"
24-->src\main\AndroidManifest.xml:14:9-43
25        android:label="@string/app_name"
25-->src\main\AndroidManifest.xml:15:9-41
26        android:supportsRtl="true"
26-->src\main\AndroidManifest.xml:16:9-35
27        android:theme="@style/AppTheme" >
27-->src\main\AndroidManifest.xml:17:9-40
28        <activity
28-->src\main\AndroidManifest.xml:19:9-26:20
29            android:name="in.mplay.app.activites.Splash"
29-->src\main\AndroidManifest.xml:20:13-45
30            android:theme="@style/AppTheme.NoActionBar" >
30-->src\main\AndroidManifest.xml:21:13-56
31            <intent-filter>
31-->src\main\AndroidManifest.xml:22:13-25:29
32                <action android:name="android.intent.action.MAIN" />
32-->src\main\AndroidManifest.xml:23:17-69
32-->src\main\AndroidManifest.xml:23:25-66
33
34                <category android:name="android.intent.category.LAUNCHER" />
34-->src\main\AndroidManifest.xml:24:17-77
34-->src\main\AndroidManifest.xml:24:27-74
35            </intent-filter>
36        </activity>
37        <activity
37-->src\main\AndroidManifest.xml:27:9-34:20
38            android:name="in.mplay.app.activites.MainActivity"
38-->src\main\AndroidManifest.xml:28:13-51
39            android:theme="@style/AppTheme.NoActionBar" >
39-->src\main\AndroidManifest.xml:29:13-56
40            <intent-filter>
40-->src\main\AndroidManifest.xml:30:9-33:25
41                <action android:name="MainActivity" />
41-->src\main\AndroidManifest.xml:31:13-51
41-->src\main\AndroidManifest.xml:31:21-48
42
43                <category android:name="android.intent.category.DEFAULT" />
43-->src\main\AndroidManifest.xml:32:13-72
43-->src\main\AndroidManifest.xml:32:23-69
44            </intent-filter>
45        </activity>
46        <activity
46-->src\main\AndroidManifest.xml:35:9-38:47
47            android:name="in.mplay.app.activites.Search"
47-->src\main\AndroidManifest.xml:36:13-45
48            android:label="Search Movies"
48-->src\main\AndroidManifest.xml:37:13-42
49            android:theme="@style/AppTheme" />
49-->src\main\AndroidManifest.xml:38:13-44
50        <activity
50-->src\main\AndroidManifest.xml:39:9-42:59
51            android:name="in.mplay.app.activites.Info"
51-->src\main\AndroidManifest.xml:40:13-43
52            android:label="Info"
52-->src\main\AndroidManifest.xml:41:13-33
53            android:theme="@style/AppTheme.NoActionBar" />
53-->src\main\AndroidManifest.xml:42:13-56
54        <activity
54-->src\main\AndroidManifest.xml:43:9-46:47
55            android:name="in.mplay.app.activites.Links"
55-->src\main\AndroidManifest.xml:44:13-44
56            android:label="Get Links"
56-->src\main\AndroidManifest.xml:45:13-38
57            android:theme="@style/AppTheme" />
57-->src\main\AndroidManifest.xml:46:13-44
58        <activity
58-->src\main\AndroidManifest.xml:47:9-50:47
59            android:name="in.mplay.app.activites.Channels"
59-->src\main\AndroidManifest.xml:48:13-47
60            android:label="Channels"
60-->src\main\AndroidManifest.xml:49:13-37
61            android:theme="@style/AppTheme" />
61-->src\main\AndroidManifest.xml:50:13-44
62        <activity
62-->src\main\AndroidManifest.xml:51:9-54:43
63            android:name="in.mplay.app.activites.ChannelMovies"
63-->src\main\AndroidManifest.xml:52:9-48
64            android:label="Channels Movies"
64-->src\main\AndroidManifest.xml:53:9-40
65            android:theme="@style/AppTheme" />
65-->src\main\AndroidManifest.xml:54:9-40
66        <activity
66-->src\main\AndroidManifest.xml:55:9-58:77
67            android:name="in.mplay.app.activites.YouTubePlayerActivity"
67-->src\main\AndroidManifest.xml:56:13-60
68            android:configChanges="orientation|screenSize|keyboardHidden"
68-->src\main\AndroidManifest.xml:58:13-74
69            android:label="Channels Movies" />
69-->src\main\AndroidManifest.xml:57:13-44
70
71        <meta-data
71-->src\main\AndroidManifest.xml:59:9-61:69
72            android:name="com.google.android.gms.ads.APPLICATION_ID"
72-->src\main\AndroidManifest.xml:60:13-69
73            android:value="ca-app-pub-1737152255173320~1913690939" />
73-->src\main\AndroidManifest.xml:61:13-67
74        <meta-data
74-->src\main\AndroidManifest.xml:62:9-64:36
75            android:name="firebase_performance_logcat_enabled"
75-->src\main\AndroidManifest.xml:63:13-63
76            android:value="true" />
76-->src\main\AndroidManifest.xml:64:13-33
77
78        <service
78-->src\main\AndroidManifest.xml:65:9-70:19
79            android:name="in.mplay.app.FirebaseMessagingService"
79-->src\main\AndroidManifest.xml:66:13-53
80            android:exported="false" >
80-->src\main\AndroidManifest.xml:66:54-78
81            <intent-filter>
81-->src\main\AndroidManifest.xml:67:13-69:29
82                <action android:name="com.google.firebase.MESSAGING_EVENT" />
82-->src\main\AndroidManifest.xml:68:17-78
82-->src\main\AndroidManifest.xml:68:25-75
83            </intent-filter>
84        </service>
85        <!--
86             FirebaseMessagingService performs security checks at runtime,
87             but set to not exported to explicitly avoid allowing another app to call it.
88        -->
89        <service
89-->[com.google.firebase:firebase-messaging:20.1.4] AndroidManifest.xml:28:9-34:19
90            android:name="com.google.firebase.messaging.FirebaseMessagingService"
90-->[com.google.firebase:firebase-messaging:20.1.4] AndroidManifest.xml:29:13-82
91            android:exported="false" >
91-->[com.google.firebase:firebase-messaging:20.1.4] AndroidManifest.xml:30:13-37
92            <intent-filter android:priority="-500" >
92-->src\main\AndroidManifest.xml:67:13-69:29
93                <action android:name="com.google.firebase.MESSAGING_EVENT" />
93-->src\main\AndroidManifest.xml:68:17-78
93-->src\main\AndroidManifest.xml:68:25-75
94            </intent-filter>
95        </service>
96        <service
96-->[com.google.firebase:firebase-messaging:20.1.4] AndroidManifest.xml:35:9-41:19
97            android:name="com.google.firebase.components.ComponentDiscoveryService"
97-->[com.google.firebase:firebase-messaging:20.1.4] AndroidManifest.xml:36:13-84
98            android:directBootAware="true"
98-->[com.google.firebase:firebase-common:19.3.0] AndroidManifest.xml:34:13-43
99            android:exported="false" >
99-->[com.google.firebase:firebase-messaging:20.1.4] AndroidManifest.xml:37:13-37
100            <meta-data
100-->[com.google.firebase:firebase-messaging:20.1.4] AndroidManifest.xml:38:13-40:85
101                android:name="com.google.firebase.components:com.google.firebase.messaging.FirebaseMessagingRegistrar"
101-->[com.google.firebase:firebase-messaging:20.1.4] AndroidManifest.xml:39:17-119
102                android:value="com.google.firebase.components.ComponentRegistrar" />
102-->[com.google.firebase:firebase-messaging:20.1.4] AndroidManifest.xml:40:17-82
103            <meta-data
103-->[com.google.android.gms:play-services-measurement-api:17.3.0] AndroidManifest.xml:30:13-32:85
104                android:name="com.google.firebase.components:com.google.firebase.analytics.connector.internal.AnalyticsConnectorRegistrar"
104-->[com.google.android.gms:play-services-measurement-api:17.3.0] AndroidManifest.xml:31:17-139
105                android:value="com.google.firebase.components.ComponentRegistrar" />
105-->[com.google.android.gms:play-services-measurement-api:17.3.0] AndroidManifest.xml:32:17-82
106            <meta-data
106-->[com.google.firebase:firebase-iid:20.1.4] AndroidManifest.xml:32:13-34:85
107                android:name="com.google.firebase.components:com.google.firebase.iid.Registrar"
107-->[com.google.firebase:firebase-iid:20.1.4] AndroidManifest.xml:33:17-96
108                android:value="com.google.firebase.components.ComponentRegistrar" />
108-->[com.google.firebase:firebase-iid:20.1.4] AndroidManifest.xml:34:17-82
109            <meta-data
109-->[com.google.firebase:firebase-datatransport:17.0.3] AndroidManifest.xml:28:13-30:85
110                android:name="com.google.firebase.components:com.google.firebase.datatransport.TransportRegistrar"
110-->[com.google.firebase:firebase-datatransport:17.0.3] AndroidManifest.xml:29:17-115
111                android:value="com.google.firebase.components.ComponentRegistrar" />
111-->[com.google.firebase:firebase-datatransport:17.0.3] AndroidManifest.xml:30:17-82
112            <meta-data
112-->[com.google.firebase:firebase-installations:16.2.0] AndroidManifest.xml:17:13-19:85
113                android:name="com.google.firebase.components:com.google.firebase.installations.FirebaseInstallationsRegistrar"
113-->[com.google.firebase:firebase-installations:16.2.0] AndroidManifest.xml:18:17-127
114                android:value="com.google.firebase.components.ComponentRegistrar" />
114-->[com.google.firebase:firebase-installations:16.2.0] AndroidManifest.xml:19:17-82
115        </service>
116
117        <receiver
117-->[com.google.android.gms:play-services-measurement:17.3.0] AndroidManifest.xml:29:9-33:20
118            android:name="com.google.android.gms.measurement.AppMeasurementReceiver"
118-->[com.google.android.gms:play-services-measurement:17.3.0] AndroidManifest.xml:30:13-85
119            android:enabled="true"
119-->[com.google.android.gms:play-services-measurement:17.3.0] AndroidManifest.xml:31:13-35
120            android:exported="false" >
120-->[com.google.android.gms:play-services-measurement:17.3.0] AndroidManifest.xml:32:13-37
121        </receiver>
122        <receiver
122-->[com.google.android.gms:play-services-measurement:17.3.0] AndroidManifest.xml:34:9-42:20
123            android:name="com.google.android.gms.measurement.AppMeasurementInstallReferrerReceiver"
123-->[com.google.android.gms:play-services-measurement:17.3.0] AndroidManifest.xml:35:13-100
124            android:enabled="true"
124-->[com.google.android.gms:play-services-measurement:17.3.0] AndroidManifest.xml:36:13-35
125            android:exported="true"
125-->[com.google.android.gms:play-services-measurement:17.3.0] AndroidManifest.xml:37:13-36
126            android:permission="android.permission.INSTALL_PACKAGES" >
126-->[com.google.android.gms:play-services-measurement:17.3.0] AndroidManifest.xml:38:13-69
127            <intent-filter>
127-->[com.google.android.gms:play-services-measurement:17.3.0] AndroidManifest.xml:39:13-41:29
128                <action android:name="com.android.vending.INSTALL_REFERRER" />
128-->[com.google.android.gms:play-services-measurement:17.3.0] AndroidManifest.xml:40:17-79
128-->[com.google.android.gms:play-services-measurement:17.3.0] AndroidManifest.xml:40:25-76
129            </intent-filter>
130        </receiver>
131
132        <service
132-->[com.google.android.gms:play-services-measurement:17.3.0] AndroidManifest.xml:44:9-47:40
133            android:name="com.google.android.gms.measurement.AppMeasurementService"
133-->[com.google.android.gms:play-services-measurement:17.3.0] AndroidManifest.xml:45:13-84
134            android:enabled="true"
134-->[com.google.android.gms:play-services-measurement:17.3.0] AndroidManifest.xml:46:13-35
135            android:exported="false" />
135-->[com.google.android.gms:play-services-measurement:17.3.0] AndroidManifest.xml:47:13-37
136        <service
136-->[com.google.android.gms:play-services-measurement:17.3.0] AndroidManifest.xml:48:9-52:72
137            android:name="com.google.android.gms.measurement.AppMeasurementJobService"
137-->[com.google.android.gms:play-services-measurement:17.3.0] AndroidManifest.xml:49:13-87
138            android:enabled="true"
138-->[com.google.android.gms:play-services-measurement:17.3.0] AndroidManifest.xml:50:13-35
139            android:exported="false"
139-->[com.google.android.gms:play-services-measurement:17.3.0] AndroidManifest.xml:51:13-37
140            android:permission="android.permission.BIND_JOB_SERVICE" /> <!-- Include the AdActivity and InAppPurchaseActivity configChanges and themes. -->
140-->[com.google.android.gms:play-services-measurement:17.3.0] AndroidManifest.xml:52:13-69
141        <activity
141-->[com.google.android.gms:play-services-ads-lite:19.0.1] AndroidManifest.xml:29:9-33:64
142            android:name="com.google.android.gms.ads.AdActivity"
142-->[com.google.android.gms:play-services-ads-lite:19.0.1] AndroidManifest.xml:30:13-65
143            android:configChanges="keyboard|keyboardHidden|orientation|screenLayout|uiMode|screenSize|smallestScreenSize"
143-->[com.google.android.gms:play-services-ads-lite:19.0.1] AndroidManifest.xml:31:13-122
144            android:exported="false"
144-->[com.google.android.gms:play-services-ads-lite:19.0.1] AndroidManifest.xml:32:13-37
145            android:theme="@android:style/Theme.Translucent" />
145-->[com.google.android.gms:play-services-ads-lite:19.0.1] AndroidManifest.xml:33:13-61
146
147        <provider
147-->[com.google.android.gms:play-services-ads-lite:19.0.1] AndroidManifest.xml:35:9-39:39
148            android:name="com.google.android.gms.ads.MobileAdsInitProvider"
148-->[com.google.android.gms:play-services-ads-lite:19.0.1] AndroidManifest.xml:36:13-76
149            android:authorities="in.mplay.app.mobileadsinitprovider"
149-->[com.google.android.gms:play-services-ads-lite:19.0.1] AndroidManifest.xml:37:13-73
150            android:exported="false"
150-->[com.google.android.gms:play-services-ads-lite:19.0.1] AndroidManifest.xml:38:13-37
151            android:initOrder="100" />
151-->[com.google.android.gms:play-services-ads-lite:19.0.1] AndroidManifest.xml:39:13-36
152
153        <receiver
153-->[com.google.firebase:firebase-iid:20.1.4] AndroidManifest.xml:37:9-44:20
154            android:name="com.google.firebase.iid.FirebaseInstanceIdReceiver"
154-->[com.google.firebase:firebase-iid:20.1.4] AndroidManifest.xml:38:13-78
155            android:exported="true"
155-->[com.google.firebase:firebase-iid:20.1.4] AndroidManifest.xml:39:13-36
156            android:permission="com.google.android.c2dm.permission.SEND" >
156-->[com.google.firebase:firebase-iid:20.1.4] AndroidManifest.xml:40:13-73
157            <intent-filter>
157-->[com.google.firebase:firebase-iid:20.1.4] AndroidManifest.xml:41:13-43:29
158                <action android:name="com.google.android.c2dm.intent.RECEIVE" />
158-->[com.google.firebase:firebase-iid:20.1.4] AndroidManifest.xml:42:17-81
158-->[com.google.firebase:firebase-iid:20.1.4] AndroidManifest.xml:42:25-78
159            </intent-filter>
160        </receiver>
161
162        <provider
162-->[com.google.firebase:firebase-common:19.3.0] AndroidManifest.xml:26:9-30:39
163            android:name="com.google.firebase.provider.FirebaseInitProvider"
163-->[com.google.firebase:firebase-common:19.3.0] AndroidManifest.xml:27:13-77
164            android:authorities="in.mplay.app.firebaseinitprovider"
164-->[com.google.firebase:firebase-common:19.3.0] AndroidManifest.xml:28:13-72
165            android:exported="false"
165-->[com.google.firebase:firebase-common:19.3.0] AndroidManifest.xml:29:13-37
166            android:initOrder="100" />
166-->[com.google.firebase:firebase-common:19.3.0] AndroidManifest.xml:30:13-36
167
168        <activity
168-->[com.google.android.gms:play-services-base:17.0.0] AndroidManifest.xml:23:9-26:75
169            android:name="com.google.android.gms.common.api.GoogleApiActivity"
169-->[com.google.android.gms:play-services-base:17.0.0] AndroidManifest.xml:24:13-79
170            android:exported="false"
170-->[com.google.android.gms:play-services-base:17.0.0] AndroidManifest.xml:25:13-37
171            android:theme="@android:style/Theme.Translucent.NoTitleBar" />
171-->[com.google.android.gms:play-services-base:17.0.0] AndroidManifest.xml:26:13-72
172
173        <meta-data
173-->[com.google.android.gms:play-services-basement:17.0.0] AndroidManifest.xml:23:9-25:69
174            android:name="com.google.android.gms.version"
174-->[com.google.android.gms:play-services-basement:17.0.0] AndroidManifest.xml:24:13-58
175            android:value="@integer/google_play_services_version" />
175-->[com.google.android.gms:play-services-basement:17.0.0] AndroidManifest.xml:25:13-66
176
177        <service
177-->[com.google.android.datatransport:transport-backend-cct:2.2.0] AndroidManifest.xml:29:9-35:19
178            android:name="com.google.android.datatransport.runtime.backends.TransportBackendDiscovery"
178-->[com.google.android.datatransport:transport-backend-cct:2.2.0] AndroidManifest.xml:30:13-103
179            android:exported="false" >
179-->[com.google.android.datatransport:transport-backend-cct:2.2.0] AndroidManifest.xml:31:13-37
180            <meta-data
180-->[com.google.android.datatransport:transport-backend-cct:2.2.0] AndroidManifest.xml:32:13-34:39
181                android:name="backend:com.google.android.datatransport.cct.CctBackendFactory"
181-->[com.google.android.datatransport:transport-backend-cct:2.2.0] AndroidManifest.xml:33:17-94
182                android:value="cct" />
182-->[com.google.android.datatransport:transport-backend-cct:2.2.0] AndroidManifest.xml:34:17-36
183        </service>
184        <service
184-->[com.google.android.datatransport:transport-runtime:2.2.0] AndroidManifest.xml:26:9-30:19
185            android:name="com.google.android.datatransport.runtime.scheduling.jobscheduling.JobInfoSchedulerService"
185-->[com.google.android.datatransport:transport-runtime:2.2.0] AndroidManifest.xml:27:13-117
186            android:exported="false"
186-->[com.google.android.datatransport:transport-runtime:2.2.0] AndroidManifest.xml:28:13-37
187            android:permission="android.permission.BIND_JOB_SERVICE" >
187-->[com.google.android.datatransport:transport-runtime:2.2.0] AndroidManifest.xml:29:13-69
188        </service>
189
190        <receiver
190-->[com.google.android.datatransport:transport-runtime:2.2.0] AndroidManifest.xml:32:9-34:40
191            android:name="com.google.android.datatransport.runtime.scheduling.jobscheduling.AlarmManagerSchedulerBroadcastReceiver"
191-->[com.google.android.datatransport:transport-runtime:2.2.0] AndroidManifest.xml:33:13-132
192            android:exported="false" />
192-->[com.google.android.datatransport:transport-runtime:2.2.0] AndroidManifest.xml:34:13-37
193    </application>
194
195</manifest>